<?xml version="1.0" encoding="UTF-8"?>
<!-- Generated by org.testng.reporters.JUnitXMLReporter -->
<testsuite ignored="2" hostname="LAPTOP-JM7T96NK" failures="0" tests="4" name="Test" time="0.062" errors="0" timestamp="07 Oct 2023 13:08:26 GMT">
  <testcase classname="com.app.test.SampleTestPri1" name="click1" time="0.012"/>
  <testcase classname="com.app.test.SampleTestPri1" name="password" time="0.003"/>
  <testcase classname="com.app.test.SampleTestPri1" name="password1" time="0.002"/>
  <testcase classname="com.app.test.SampleTestPri1" name="username" time="0.002"/>
  <testcase classname="com.app.test.SampleTestPri1" name="username1" time="0.0">
    <ignored/>
  </testcase> <!-- username1 -->
  <testcase classname="com.app.test.SampleTestPri1" name="click" time="0.0">
    <ignored/>
  </testcase> <!-- click -->
</testsuite> <!-- Test -->
