<?xml version="1.0" encoding="UTF-8"?>
<testng-results ignored="2" total="6" passed="4" failed="0" skipped="0">
  <reporter-output>
  </reporter-output>
  <suite started-at="2023-10-07T13:08:26Z" name="Suite" finished-at="2023-10-07T13:08:26Z" duration-ms="62">
    <groups>
    </groups>
    <test started-at="2023-10-07T13:08:26Z" name="Test" finished-at="2023-10-07T13:08:26Z" duration-ms="62">
      <class name="com.app.test.SampleTestPri1">
        <test-method signature="click1()[pri:0, instance:com.app.test.SampleTestPri1@6cc558c6]" started-at="2023-10-07T13:08:26Z" name="click1" finished-at="2023-10-07T13:08:26Z" duration-ms="12" status="PASS">
          <reporter-output>
          </reporter-output>
        </test-method> <!-- click1 -->
        <test-method signature="password()[pri:0, instance:com.app.test.SampleTestPri1@6cc558c6]" started-at="2023-10-07T13:08:26Z" name="password" finished-at="2023-10-07T13:08:26Z" duration-ms="3" status="PASS">
          <reporter-output>
          </reporter-output>
        </test-method> <!-- password -->
        <test-method signature="password1()[pri:0, instance:com.app.test.SampleTestPri1@6cc558c6]" started-at="2023-10-07T13:08:26Z" name="password1" finished-at="2023-10-07T13:08:26Z" duration-ms="2" status="PASS">
          <reporter-output>
          </reporter-output>
        </test-method> <!-- password1 -->
        <test-method signature="username()[pri:0, instance:com.app.test.SampleTestPri1@6cc558c6]" started-at="2023-10-07T13:08:26Z" name="username" finished-at="2023-10-07T13:08:26Z" duration-ms="2" status="PASS">
          <reporter-output>
          </reporter-output>
        </test-method> <!-- username -->
      </class> <!-- com.app.test.SampleTestPri1 -->
    </test> <!-- Test -->
  </suite> <!-- Suite -->
</testng-results>
